<?xml version="1.0" encoding="UTF-8"?>
<!-- Generated by org.testng.reporters.JUnitReportReporter -->
<testsuite hostname="LAPTOP-T7PI7EN2" failures="0" tests="2" name="testcases.ShopTest" time="13.681" errors="0" timestamp="2024-01-19T19:08:27 IST" skipped="0">
  <testcase classname="testcases.ShopTest" name="search" time="10.529"/>
  <system-out/>
  <testcase classname="testcases.ShopTest" name="search" time="3.152"/>
  <system-out/>
</testsuite> <!-- testcases.ShopTest -->
