<?xml version="1.0" encoding="UTF-8"?>
<!-- Generated by org.testng.reporters.JUnitReportReporter -->
<testsuite hostname="LAPTOP-T7PI7EN2" failures="0" tests="1" name="testcases.LoginTest" time="43.003" errors="0" timestamp="2024-01-19T19:08:27 IST" skipped="0">
  <testcase classname="testcases.LoginTest" name="login" time="43.003"/>
  <system-out/>
</testsuite> <!-- testcases.LoginTest -->
